<?xml version="1.0" encoding="UTF-8"?>
<!-- Generated by org.testng.reporters.JUnitReportReporter -->
<testsuite hostname="LAPTOP-8MDTO84L" failures="0" tests="1" name="com.inetBanking.testCases.TC_AddNewAccount_003" time="6.116" errors="0" timestamp="2024-05-26T05:42:43 IST" skipped="0">
  <testcase classname="com.inetBanking.testCases.TC_AddNewAccount_003" name="AddAcccount" time="6.116"/>
</testsuite> <!-- com.inetBanking.testCases.TC_AddNewAccount_003 -->
