<?xml version="1.0" encoding="UTF-8"?>
<!-- Generated by org.testng.reporters.JUnitReportReporter -->
<testsuite hostname="LAPTOP-8MDTO84L" failures="0" tests="1" name="com.inetBanking.testCases.TC_DepositForm_005" time="6.182" errors="0" timestamp="2024-05-26T07:33:54 IST" skipped="0">
  <testcase classname="com.inetBanking.testCases.TC_DepositForm_005" name="Depositform" time="6.182"/>
</testsuite> <!-- com.inetBanking.testCases.TC_DepositForm_005 -->
